Performing C SOURCE FILE Test CMAKE_HAVE_LIBC_PTHREAD failed with the following output:
Change Dir: /home/blasi/Desktop/nlink_parser/cmake-build-debug/CMakeFiles/CMakeTmp

Run Build Command(s):/usr/bin/make cmTC_94143/fast && /usr/bin/make  -f CMakeFiles/cmTC_94143.dir/build.make CMakeFiles/cmTC_94143.dir/build
make[1]: Entering directory '/home/blasi/Desktop/nlink_parser/cmake-build-debug/CMakeFiles/CMakeTmp'
Building C object CMakeFiles/cmTC_94143.dir/src.c.o
/usr/bin/cc   -DCMAKE_HAVE_LIBC_PTHREAD   -o CMakeFiles/cmTC_94143.dir/src.c.o   -c /home/blasi/Desktop/nlink_parser/cmake-build-debug/CMakeFiles/CMakeTmp/src.c
Linking C executable cmTC_94143
/home/blasi/.local/share/JetBrains/Toolbox/apps/CLion/ch-0/203.6682.181/bin/cmake/linux/bin/cmake -E cmake_link_script CMakeFiles/cmTC_94143.dir/link.txt --verbose=1
/usr/bin/cc  -DCMAKE_HAVE_LIBC_PTHREAD    -rdynamic CMakeFiles/cmTC_94143.dir/src.c.o  -o cmTC_94143 
CMakeFiles/cmTC_94143.dir/src.c.o: In function `main':
src.c:(.text+0x3e): undefined reference to `pthread_create'
src.c:(.text+0x4a): undefined reference to `pthread_detach'
src.c:(.text+0x56): undefined reference to `pthread_cancel'
src.c:(.text+0x67): undefined reference to `pthread_join'
src.c:(.text+0x7b): undefined reference to `pthread_atfork'
collect2: error: ld returned 1 exit status
CMakeFiles/cmTC_94143.dir/build.make:106: recipe for target 'cmTC_94143' failed
make[1]: *** [cmTC_94143] Error 1
make[1]: Leaving directory '/home/blasi/Desktop/nlink_parser/cmake-build-debug/CMakeFiles/CMakeTmp'
Makefile:141: recipe for target 'cmTC_94143/fast' failed
make: *** [cmTC_94143/fast] Error 2


Source file was:
#include <pthread.h>

void* test_func(void* data)
{
  return data;
}

int main(void)
{
  pthread_t thread;
  pthread_create(&thread, NULL, test_func, NULL);
  pthread_detach(thread);
  pthread_cancel(thread);
  pthread_join(thread, NULL);
  pthread_atfork(NULL, NULL, NULL);
  pthread_exit(NULL);

  return 0;
}

Determining if the function pthread_create exists in the pthreads failed with the following output:
Change Dir: /home/blasi/Desktop/nlink_parser/cmake-build-debug/CMakeFiles/CMakeTmp

Run Build Command(s):/usr/bin/make cmTC_f620e/fast && /usr/bin/make  -f CMakeFiles/cmTC_f620e.dir/build.make CMakeFiles/cmTC_f620e.dir/build
make[1]: Entering directory '/home/blasi/Desktop/nlink_parser/cmake-build-debug/CMakeFiles/CMakeTmp'
Building C object CMakeFiles/cmTC_f620e.dir/CheckFunctionExists.c.o
/usr/bin/cc   -DCHECK_FUNCTION_EXISTS=pthread_create   -o CMakeFiles/cmTC_f620e.dir/CheckFunctionExists.c.o   -c /home/blasi/.local/share/JetBrains/Toolbox/apps/CLion/ch-0/203.6682.181/bin/cmake/linux/share/cmake-3.17/Modules/CheckFunctionExists.c
Linking C executable cmTC_f620e
/home/blasi/.local/share/JetBrains/Toolbox/apps/CLion/ch-0/203.6682.181/bin/cmake/linux/bin/cmake -E cmake_link_script CMakeFiles/cmTC_f620e.dir/link.txt --verbose=1
/usr/bin/cc  -DCHECK_FUNCTION_EXISTS=pthread_create    -rdynamic CMakeFiles/cmTC_f620e.dir/CheckFunctionExists.c.o  -o cmTC_f620e  -lpthreads 
/usr/bin/ld: cannot find -lpthreads
collect2: error: ld returned 1 exit status
CMakeFiles/cmTC_f620e.dir/build.make:106: recipe for target 'cmTC_f620e' failed
make[1]: *** [cmTC_f620e] Error 1
make[1]: Leaving directory '/home/blasi/Desktop/nlink_parser/cmake-build-debug/CMakeFiles/CMakeTmp'
Makefile:141: recipe for target 'cmTC_f620e/fast' failed
make: *** [cmTC_f620e/fast] Error 2



